<?xml version="1.0" encoding="UTF-8"?>
<!-- Generated by org.testng.reporters.JUnitXMLReporter -->
<testsuite ignored="0" hostname="DESKTOP-TLNPRP0" failures="0" tests="4" name="OpenCart Tests(failed)" time="66.802" errors="0" timestamp="2021-03-25T22:26:22 IST">
  <testcase classname="testCases.TC_003_LoginDDT" name="test_LoginDDT" time="11.658"/>
  <testcase classname="testCases.TC_003_LoginDDT" name="test_LoginDDT" time="14.429"/>
  <testcase classname="testCases.TC_003_LoginDDT" name="test_LoginDDT" time="14.693"/>
  <testcase classname="testCases.TC_003_LoginDDT" name="test_LoginDDT" time="14.478"/>
</testsuite> <!-- OpenCart Tests(failed) -->
