<?xml version="1.0" encoding="UTF-8"?>
<!-- Generated by org.testng.reporters.JUnitXMLReporter -->
<testsuite ignored="0" hostname="DESKTOP-TLNPRP0" failures="0" tests="4" name="OpenCart Tests" time="75.416" errors="0" timestamp="2021-03-25T15:45:32 IST">
  <testcase classname="testCases.TC_003_LoginDDT" name="test_LoginDDT" time="9.343"/>
  <testcase classname="testCases.TC_003_LoginDDT" name="test_LoginDDT" time="14.574"/>
  <testcase classname="testCases.TC_003_LoginDDT" name="test_LoginDDT" time="14.445"/>
  <testcase classname="testCases.TC_003_LoginDDT" name="test_LoginDDT" time="14.384"/>
</testsuite> <!-- OpenCart Tests -->
