<?xml version="1.0" encoding="UTF-8"?>
<testng-results skipped="0" failed="0" ignored="0" total="2" passed="2">
  <reporter-output>
  </reporter-output>
  <suite name="OpenCart Test Suite" duration-ms="34826" started-at="2021-03-31T19:17:29 IST" finished-at="2021-03-31T19:18:04 IST">
    <groups>
    </groups>
    <test name="OpenCart Tests" duration-ms="34826" started-at="2021-03-31T19:17:29 IST" finished-at="2021-03-31T19:18:04 IST">
      <class name="testCases.TC_001_AccountRegistration">
        <test-method status="PASS" signature="setup(java.lang.String)[pri:0, instance:testCases.TC_001_AccountRegistration@687080dc]" name="setup" is-config="true" duration-ms="7119" started-at="2021-03-31T19:17:30 IST" finished-at="2021-03-31T19:17:37 IST">
          <params>
            <param index="0">
              <value>
                <![CDATA[chrome]]>
              </value>
            </param>
          </params>
          <reporter-output>
          </reporter-output>
        </test-method> <!-- setup -->
        <test-method status="PASS" signature="test_accout_Registration()[pri:0, instance:testCases.TC_001_AccountRegistration@687080dc]" name="test_accout_Registration" duration-ms="15922" started-at="2021-03-31T19:17:37 IST" finished-at="2021-03-31T19:17:53 IST">
          <reporter-output>
          </reporter-output>
        </test-method> <!-- test_accout_Registration -->
        <test-method status="PASS" signature="tearDown()[pri:0, instance:testCases.TC_001_AccountRegistration@687080dc]" name="tearDown" is-config="true" duration-ms="1092" started-at="2021-03-31T19:17:53 IST" finished-at="2021-03-31T19:17:54 IST">
          <reporter-output>
          </reporter-output>
        </test-method> <!-- tearDown -->
      </class> <!-- testCases.TC_001_AccountRegistration -->
      <class name="testCases.TC_002_Login">
        <test-method status="PASS" signature="setup(java.lang.String)[pri:0, instance:testCases.TC_002_Login@23d2a7e8]" name="setup" is-config="true" duration-ms="1687" started-at="2021-03-31T19:17:54 IST" finished-at="2021-03-31T19:17:56 IST">
          <params>
            <param index="0">
              <value>
                <![CDATA[chrome]]>
              </value>
            </param>
          </params>
          <reporter-output>
          </reporter-output>
        </test-method> <!-- setup -->
        <test-method status="PASS" signature="test_Login()[pri:0, instance:testCases.TC_002_Login@23d2a7e8]" name="test_Login" duration-ms="7645" started-at="2021-03-31T19:17:56 IST" finished-at="2021-03-31T19:18:03 IST">
          <reporter-output>
          </reporter-output>
        </test-method> <!-- test_Login -->
        <test-method status="PASS" signature="tearDown()[pri:0, instance:testCases.TC_002_Login@23d2a7e8]" name="tearDown" is-config="true" duration-ms="824" started-at="2021-03-31T19:18:03 IST" finished-at="2021-03-31T19:18:04 IST">
          <reporter-output>
          </reporter-output>
        </test-method> <!-- tearDown -->
      </class> <!-- testCases.TC_002_Login -->
    </test> <!-- OpenCart Tests -->
  </suite> <!-- OpenCart Test Suite -->
</testng-results>
